<?xml version="1.0" encoding="UTF-8"?>
<!-- Generated by org.testng.reporters.JUnitXMLReporter -->
<testsuite ignored="0" hostname="BA-000381171S-MACBOOK-PRO" failures="0" tests="2" name="Default test" time="45.234" errors="0" timestamp="2026-03-06T15:35:55 IST">
  <testcase classname="com.simran.automation.EcommerceProject.SubmitOrderTest" name="verifySubmitOrderTest" time="16.268"/>
  <testcase classname="com.simran.automation.EcommerceProject.SubmitOrderTest" name="verifyOrderHistory" time="0.003"/>
</testsuite> <!-- Default test -->
